<?xml version="1.0" encoding="UTF-8"?>
<testsuite name="it.unibo.nestedenum.TestMonthSorter" tests="2" skipped="0" failures="0" errors="0" timestamp="2025-11-08T10:47:16.061Z" hostname="BIANCOZZ" time="0.166">
  <properties/>
  <testcase name="testAmbiguousAndIllegalName()" classname="it.unibo.nestedenum.TestMonthSorter" time="0.009"/>
  <testcase name="testSorting()" classname="it.unibo.nestedenum.TestMonthSorter" time="0.156"/>
  <system-out><![CDATA[]]></system-out>
  <system-err><![CDATA[]]></system-err>
</testsuite>
