<?xml version="1.0" encoding="UTF-8"?>
<testsuite name="it.unibo.functional.TestFunctionalLibrary" tests="3" skipped="0" failures="0" errors="0" timestamp="2025-11-06T14:32:40.216Z" hostname="BIANCOZZ" time="0.011">
  <properties/>
  <testcase name="testFlatten()" classname="it.unibo.functional.TestFunctionalLibrary" time="0.005"/>
  <testcase name="testSelectAndReject()" classname="it.unibo.functional.TestFunctionalLibrary" time="0.003"/>
  <testcase name="testTransform()" classname="it.unibo.functional.TestFunctionalLibrary" time="0.002"/>
  <system-out><![CDATA[]]></system-out>
  <system-err><![CDATA[]]></system-err>
</testsuite>
