<?xml version="1.0" encoding="UTF-8"?>
<testsuite name="it.unibo.nestedenum.TestMonthSorter" tests="2" skipped="0" failures="0" errors="0" timestamp="2025-11-07T13:45:08.503Z" hostname="BIANCOZZ" time="0.112">
  <properties/>
  <testcase name="testAmbiguousAndIllegalName()" classname="it.unibo.nestedenum.TestMonthSorter" time="0.007"/>
  <testcase name="testSorting()" classname="it.unibo.nestedenum.TestMonthSorter" time="0.104"/>
  <system-out><![CDATA[]]></system-out>
  <system-err><![CDATA[]]></system-err>
</testsuite>
